<?xml version="1.0" encoding="UTF-8"?>
<testsuite name="tests.LoginTests" tests="1" skipped="0" failures="0" errors="0" timestamp="2023-01-08T16:45:00" hostname="DESKTOP-46KRLH8" time="0.168">
  <properties/>
  <testcase name="loginSuccess" classname="tests.LoginTests" time="0.168"/>
  <system-out><![CDATA[]]></system-out>
  <system-err><![CDATA[]]></system-err>
</testsuite>
